<?xml version="1.0" encoding="UTF-8"?>
<!-- Generated by org.testng.reporters.JUnitXMLReporter -->
<testsuite ignored="0" hostname="DESKTOP-9L0A953" failures="1" tests="1" name="Test(failed)(failed)" time="3.882" errors="0" timestamp="2023-05-29T14:18:16 IST">
  <testcase classname="testCases.Tc_001_LogInTest" name="test_LogIn" time="0.0">
    <failure type="org.testng.TestNGException" message="
Method void testCases.Tc_001_LogInTest.test_LogIn(java.lang.String,java.lang.String) throws java.lang.InterruptedException requires a @DataProvider named : LogInDatas in class utilities.DataProviderUtilities">
      <![CDATA[org.testng.TestNGException: 
Method void testCases.Tc_001_LogInTest.test_LogIn(java.lang.String,java.lang.String) throws java.lang.InterruptedException requires a @DataProvider named : LogInDatas in class utilities.DataProviderUtilities
at java.base/java.util.ArrayList.forEach(ArrayList.java:1511)
... Removed 24 stack frames]]>
    </failure>
  </testcase> <!-- test_LogIn -->
</testsuite> <!-- Test(failed)(failed) -->
