<?xml version="1.0" encoding="UTF-8"?>
<testng-results ignored="0" total="1" passed="1" failed="0" skipped="0">
  <reporter-output>
  </reporter-output>
  <suite started-at="2023-05-29T16:52:53 IST" name="Suite" finished-at="2023-05-29T16:52:58 IST" duration-ms="5850">
    <groups>
    </groups>
    <test started-at="2023-05-29T16:52:53 IST" name="Test" finished-at="2023-05-29T16:52:58 IST" duration-ms="5850">
      <class name="testCases.Tc_001_LogInTest">
        <test-method is-config="true" signature="setUp(java.lang.String)[pri:0, instance:testCases.Tc_001_LogInTest@49ec71f8]" started-at="2023-05-29T16:52:53 IST" name="setUp" finished-at="2023-05-29T16:52:58 IST" duration-ms="4694" status="PASS">
          <params>
            <param index="0">
              <value>
                <![CDATA[chrome]]>
              </value>
            </param>
          </params>
          <reporter-output>
          </reporter-output>
        </test-method> <!-- setUp -->
        <test-method signature="test_LogIn()[pri:0, instance:testCases.Tc_001_LogInTest@49ec71f8]" started-at="2023-05-29T16:52:58 IST" name="test_LogIn" finished-at="2023-05-29T16:52:58 IST" duration-ms="697" status="PASS">
          <reporter-output>
          </reporter-output>
        </test-method> <!-- test_LogIn -->
        <test-method is-config="true" signature="tear_down()[pri:0, instance:testCases.Tc_001_LogInTest@49ec71f8]" started-at="2023-05-29T16:52:58 IST" name="tear_down" finished-at="2023-05-29T16:52:58 IST" duration-ms="128" status="PASS">
          <reporter-output>
          </reporter-output>
        </test-method> <!-- tear_down -->
      </class> <!-- testCases.Tc_001_LogInTest -->
    </test> <!-- Test -->
  </suite> <!-- Suite -->
</testng-results>
